<?xml version="1.0" encoding="UTF-8"?>
<testsuite name="Test2"
           tests="1"
           failures="1"
           errors="0"
           skipped="0"
           time="8.008">
  <properties />
            <testcase name="checkPopularDestinations" time="8.008" classname="tests.BaseAutoRent">
                <failure type="java.lang.AssertionError"
                  message="The wrong city is displayed expected [true] but found [false]"
              >
<![CDATA[java.lang.AssertionError: The wrong city is displayed expected [true] but found [false]
  org.testng.Assert.fail(Assert.java:97)
  org.testng.Assert.failNotEquals(Assert.java:969)
  org.testng.Assert.assertTrue(Assert.java:43)
  tests.BaseAutoRent.checkPopularDestinations(BaseAutoRent.java:24)
  sun.reflect.NativeMethodAccessorImpl.invoke0(Native Method)
  sun.reflect.NativeMethodAccessorImpl.invoke(NativeMethodAccessorImpl.java:62)
  sun.reflect.DelegatingMethodAccessorImpl.invoke(DelegatingMethodAccessorImpl.java:43)
  java.lang.reflect.Method.invoke(Method.java:498)
  org.testng.internal.MethodInvocationHelper.invokeMethod(MethodInvocationHelper.java:134)
  org.testng.internal.TestInvoker.invokeMethod(TestInvoker.java:597)
  org.testng.internal.TestInvoker.invokeTestMethod(TestInvoker.java:173)
  org.testng.internal.MethodRunner.runInSequence(MethodRunner.java:46)
  org.testng.internal.TestInvoker$MethodInvocationAgent.invoke(TestInvoker.java:816)
  org.testng.internal.TestInvoker.invokeTestMethods(TestInvoker.java:146)
  org.testng.internal.TestMethodWorker.invokeTestMethods(TestMethodWorker.java:146)
  org.testng.internal.TestMethodWorker.run(TestMethodWorker.java:128)
  java.util.ArrayList.forEach(ArrayList.java:1257)
  org.testng.TestRunner.privateRun(TestRunner.java:766)
  org.testng.TestRunner.run(TestRunner.java:587)
  org.testng.SuiteRunner.runTest(SuiteRunner.java:384)
  org.testng.SuiteRunner.access$000(SuiteRunner.java:28)
  org.testng.SuiteRunner$SuiteWorker.run(SuiteRunner.java:425)
  org.testng.internal.thread.ThreadUtil.lambda$execute$0(ThreadUtil.java:68)
  java.util.concurrent.FutureTask.run(FutureTask.java:266)
  java.util.concurrent.ThreadPoolExecutor.runWorker(ThreadPoolExecutor.java:1149)
  java.util.concurrent.ThreadPoolExecutor$Worker.run(ThreadPoolExecutor.java:624)
  java.lang.Thread.run(Thread.java:748)
]]>
      </failure>

          </testcase>
  
  
  
</testsuite>
